#
# A fatal error has been detected by the Java Runtime Environment:
#
#  SIGSEGV (0xb) at pc=0x00007ff300942552, pid=13927, tid=13951
#
# JRE version: OpenJDK Runtime Environment Corretto-20.0.1.9.1 (20.0.1+9) (build 20.0.1+9-FR)
# Java VM: OpenJDK 64-Bit Server VM Corretto-20.0.1.9.1 (20.0.1+9-FR, mixed mode, sharing, tiered, compressed oops, compressed class ptrs, g1 gc, linux-amd64)
# Problematic frame:
# C  [libskiko-linux-x64.so+0x142552]  utext_clone+0x22
#
# Core dump will be written. Default location: Core dumps may be processed with "/usr/lib/systemd/systemd-coredump %P %u %g %s %t %c %h" (or dumping to /home/kevin/Documents/IntellijProjects/NESquick/core.13927)
#
# If you would like to submit a bug report, please visit:
#   https://github.com/corretto/corretto-20/issues/
# The crash happened outside the Java Virtual Machine in native code.
# See problematic frame for where to report the bug.
#

---------------  S U M M A R Y ------------

Command Line: -javaagent:/home/kevin/.local/share/JetBrains/Toolbox/apps/IDEA-U/ch-0/231.9161.38/lib/idea_rt.jar=40729:/home/kevin/.local/share/JetBrains/Toolbox/apps/IDEA-U/ch-0/231.9161.38/bin -Dfile.encoding=UTF-8 -Dsun.stdout.encoding=UTF-8 -Dsun.stderr.encoding=UTF-8 ui.MainKt

Host: AMD Ryzen 5 4600H with Radeon Graphics, 16 cores, 7G, Manjaro Linux
Time: Mon Jul 10 12:47:09 2023 MDT elapsed time: 1495.069320 seconds (0d 0h 24m 55s)

---------------  T H R E A D  ---------------

Current thread (0x00007ff35842d850):  JavaThread "AWT-EventQueue-0" [_thread_in_native, id=13951, stack(0x00007ff303300000,0x00007ff303400000)]

Stack: [0x00007ff303300000,0x00007ff303400000],  sp=0x00007ff3033fdae0,  free space=1014k
Native frames: (J=compiled Java code, j=interpreted, Vv=VM code, C=native code)
C  [libskiko-linux-x64.so+0x142552]  utext_clone+0x22
Java frames: (J=compiled Java code, j=interpreted, Vv=VM code)
J 3344  org.jetbrains.skia.paragraph.ParagraphKt._nLayout(JF)V (0 bytes) @ 0x00007ff348865cf9 [0x00007ff348865ca0+0x0000000000000059]
J 5644 c2 androidx.compose.ui.text.MultiParagraphIntrinsics.<init>(Landroidx/compose/ui/text/AnnotatedString;Landroidx/compose/ui/text/TextStyle;Ljava/util/List;Landroidx/compose/ui/unit/Density;Landroidx/compose/ui/text/font/FontFamily$Resolver;)V (332 bytes) @ 0x00007ff348a94ce0 [0x00007ff348a93b60+0x0000000000001180]
J 5572 c2 androidx.compose.foundation.text.TextController$measurePolicy$1.measure-3p2s80s(Landroidx/compose/ui/layout/MeasureScope;Ljava/util/List;J)Landroidx/compose/ui/layout/MeasureResult; (530 bytes) @ 0x00007ff348a4e48c [0x00007ff348a4ce00+0x000000000000168c]
J 5531 c2 androidx.compose.ui.node.LayoutModifierNodeCoordinator.measure-BRTryo0(J)Landroidx/compose/ui/layout/Placeable; (86 bytes) @ 0x00007ff348a19850 [0x00007ff348a196a0+0x00000000000001b0]
J 5553 c2 androidx.compose.ui.node.LayoutNodeLayoutDelegate$performMeasure$2.invoke()Ljava/lang/Object; (8 bytes) @ 0x00007ff348a31e6c [0x00007ff348a31e00+0x000000000000006c]
J 4511 c2 androidx.compose.runtime.SnapshotStateKt__DerivedStateKt.observeDerivedStateRecalculations(Lkotlin/jvm/functions/Function1;Lkotlin/jvm/functions/Function1;Lkotlin/jvm/functions/Function0;)V (145 bytes) @ 0x00007ff3488f808c [0x00007ff3488f7860+0x000000000000082c]
J 4528 c2 androidx.compose.runtime.snapshots.SnapshotStateObserver.observeReads(Ljava/lang/Object;Lkotlin/jvm/functions/Function1;Lkotlin/jvm/functions/Function0;)V (254 bytes) @ 0x00007ff3488fe14c [0x00007ff3488fd980+0x00000000000007cc]
J 5210 c2 androidx.compose.ui.node.LayoutNodeLayoutDelegate$MeasurePassDelegate.remeasure-BRTryo0(J)Z (250 bytes) @ 0x00007ff3489a42c4 [0x00007ff3489a3f00+0x00000000000003c4]
J 5576 c2 androidx.compose.ui.node.MeasureAndLayoutDelegate.remeasureAndRelayoutIfNeeded(Landroidx/compose/ui/node/LayoutNode;)Z (323 bytes) @ 0x00007ff348a5ab40 [0x00007ff348a5a960+0x00000000000001e0]
J 5902 c2 androidx.compose.ui.ComposeScene.render(Lorg/jetbrains/skia/Canvas;J)V (480 bytes) @ 0x00007ff348b5576c [0x00007ff348b53040+0x000000000000272c]
J 5939 c2 org.jetbrains.skiko.SkiaLayer.update$skiko(J)V (338 bytes) @ 0x00007ff348b75dbc [0x00007ff348b75660+0x000000000000075c]
J 5980 c2 org.jetbrains.skiko.redrawer.LinuxOpenGLRedrawer$Companion$frameDispatcher$1.invokeSuspend(Ljava/lang/Object;)Ljava/lang/Object; (943 bytes) @ 0x00007ff348bab728 [0x00007ff348baad80+0x00000000000009a8]
J 5981 c2 org.jetbrains.skiko.FrameDispatcher$job$1.invokeSuspend(Ljava/lang/Object;)Ljava/lang/Object; (156 bytes) @ 0x00007ff348bb6930 [0x00007ff348bb5d20+0x0000000000000c10]
J 4092 c2 kotlin.coroutines.jvm.internal.BaseContinuationImpl.resumeWith(Ljava/lang/Object;)V (128 bytes) @ 0x00007ff3488b8b74 [0x00007ff3488b8b00+0x0000000000000074]
J 4124 c2 kotlinx.coroutines.DispatchedTask.run()V (571 bytes) @ 0x00007ff3488bbf8c [0x00007ff3488bbba0+0x00000000000003ec]
J 4602 c2 java.awt.EventDispatchThread.pumpOneEventForFilters(I)V java.desktop@20.0.1 (106 bytes) @ 0x00007ff348912274 [0x00007ff3489115a0+0x0000000000000cd4]
J 5793% c2 java.awt.EventDispatchThread.pumpEventsForFilter(ILjava/awt/Conditional;Ljava/awt/EventFilter;)V java.desktop@20.0.1 (47 bytes) @ 0x00007ff3487ebea8 [0x00007ff3487ebda0+0x0000000000000108]
j  java.awt.EventDispatchThread.pumpEventsForHierarchy(ILjava/awt/Conditional;Ljava/awt/Component;)V+11 java.desktop@20.0.1
j  java.awt.EventDispatchThread.pumpEvents(ILjava/awt/Conditional;)V+4 java.desktop@20.0.1
j  java.awt.EventDispatchThread.pumpEvents(Ljava/awt/Conditional;)V+3 java.desktop@20.0.1
j  java.awt.EventDispatchThread.run()V+9 java.desktop@20.0.1
v  ~StubRoutines::call_stub 0x00007ff348137cc6

siginfo: si_signo: 11 (SIGSEGV), si_code: 1 (SEGV_MAPERR), si_addr: 0x0000000000000010

Registers:
RAX=0x00007ff2e4b3a428, RBX=0x00007ff3033fdb04, RCX=0x00007ff3033fdb04, RDX=0x0000000000000000
RSP=0x00007ff3033fdae0, RBP=0x0000000000000001, RSI=0x00007ff2e4aaa8d8, RDI=0x00007ff2e4b3a428
R8 =0x0000000000000000, R9 =0x0000000000000000, R10=0x0000000000000022, R11=0x5493db486058b673
R12=0x00007ff2e4b3a4f8, R13=0x00007ff3033fdb50, R14=0x0000000000000023, R15=0x00007ff3033fdc2c
RIP=0x00007ff300942552, EFLAGS=0x0000000000010202, CSGSFS=0x002b000000000033, ERR=0x0000000000000004
  TRAPNO=0x000000000000000e


Register to memory mapping:

RAX=0x00007ff2e4b3a428 points into unknown readable memory: 0x00000004345ad82c | 2c d8 5a 34 04 00 00 00
RBX=0x00007ff3033fdb04 is pointing into the stack for thread: 0x00007ff35842d850
RCX=0x00007ff3033fdb04 is pointing into the stack for thread: 0x00007ff35842d850
RDX=0x0 is NULL
RSP=0x00007ff3033fdae0 is pointing into the stack for thread: 0x00007ff35842d850
RBP=0x0000000000000001 is an unknown value
RSI=0x00007ff2e4aaa8d8 points into unknown readable memory: 0x00000000345ad82c | 2c d8 5a 34 00 00 00 00
RDI=0x00007ff2e4b3a428 points into unknown readable memory: 0x00000004345ad82c | 2c d8 5a 34 04 00 00 00
R8 =0x0 is NULL
R9 =0x0 is NULL
R10=0x0000000000000022 is an unknown value
R11=0x5493db486058b673 is an unknown value
R12=0x00007ff2e4b3a4f8 points into unknown readable memory: 0x00007ff302353f30 | 30 3f 35 02 f3 7f 00 00
R13=0x00007ff3033fdb50 is pointing into the stack for thread: 0x00007ff35842d850
R14=0x0000000000000023 is an unknown value
R15=0x00007ff3033fdc2c is pointing into the stack for thread: 0x00007ff35842d850


Top of Stack: (sp=0x00007ff3033fdae0)
0x00007ff3033fdae0:   00007ff2e5359fb0 00007ff2e4b3a2e0
0x00007ff3033fdaf0:   00007ff2e4aaa790 00007ff30095fafe
0x00007ff3033fdb00:   00000000033fdb4c 2cb7cca9f15ebe00
0x00007ff3033fdb10:   00007ff2e4b3a2e0 00007ff3033fdc40
0x00007ff3033fdb20:   00007ff2e4aaa790 00007ff2e4b3a2e0
0x00007ff3033fdb30:   00007ff3033fdb50 00007ff30096116e
0x00007ff3033fdb40:   000000000000000b 00000000f15ebe00
0x00007ff3033fdb50:   00007ff302353470 ffffffffffff0002
0x00007ff3033fdb60:   000000000000000b 0000000000000000
0x00007ff3033fdb70:   00007ff2e4b3a2e0 00007ff302378e08
0x00007ff3033fdb80:   00007ff3033fdc2c 00007ff2e4c9d878
0x00007ff3033fdb90:   0000000000000000 2cb7cca9f15ebe00
0x00007ff3033fdba0:   0000000000000001 00007ff2e4b7e1b0
0x00007ff3033fdbb0:   00007ff2e4aaa790 00007ff300915be2
0x00007ff3033fdbc0:   00007ff3033fdcc0 00007ff3014689ca
0x00007ff3033fdbd0:   00007ff2e4c9d878 00007ff3033fdc40
0x00007ff3033fdbe0:   0000000000000022 0000000000000000
0x00007ff3033fdbf0:   00007ff2e4d3cd88 00007ff2e4ae3f90
0x00007ff3033fdc00:   0000000000000018 2cb7cca9f15ebe00
0x00007ff3033fdc10:   0000000000000000 2cb7cca9f15ebe00
0x00007ff3033fdc20:   000000000000000b 00000000ffffff88
0x00007ff3033fdc30:   0000000000000022 0000000000000001
0x00007ff3033fdc40:   00007ff200000000 2cb7cca9f15ebe00
0x00007ff3033fdc50:   0000000000000000 0000000000000022
0x00007ff3033fdc60:   00007ff3033fdcc0 00007ff3033fdca8
0x00007ff3033fdc70:   00007ff2e4d4eb00 0000000000000023
0x00007ff3033fdc80:   00007ff2e4d4eb00 00007ff30146990b
0x00007ff3033fdc90:   00007ff2e4c9d878 00007ff2e4d80f90
0x00007ff3033fdca0:   000000000000002c 00007ff2e4d81290
0x00007ff3033fdcb0:   0000000000000004 000000007fffffff
0x00007ff3033fdcc0:   00007ff3033fdca8 00007ff300cc0de3
0x00007ff3033fdcd0:   00007ff301466000 00007ff301465fe0 

Instructions: (pc=0x00007ff300942552)
0x00007ff300942452:   89 74 24 08 ff 51 40 48 8b 74 24 08 48 89 c3 48
0x00007ff300942462:   63 46 28 3b 46 1c 7e 26 48 8b 46 38 48 89 f7 ff
0x00007ff300942472:   50 40 48 39 d8 0f 94 c0 eb b7 0f 1f 40 00 48 03
0x00007ff300942482:   47 20 48 89 c3 eb d8 0f 1f 80 00 00 00 00 48 03
0x00007ff300942492:   46 20 eb de 66 2e 0f 1f 84 00 00 00 00 00 8b 47
0x00007ff3009424a2:   08 c1 e8 03 83 e0 01 c3 66 0f 1f 44 00 00 83 67
0x00007ff3009424b2:   08 f7 c3 66 2e 0f 1f 84 00 00 00 00 00 90 8b 47
0x00007ff3009424c2:   08 c1 e8 04 83 e0 01 c3 66 0f 1f 44 00 00 41 8b
0x00007ff3009424d2:   01 85 c0 7f 18 f6 47 08 08 74 0b 48 8b 47 38 ff
0x00007ff3009424e2:   60 30 0f 1f 40 00 41 c7 01 1e 00 00 00 31 c0 c3
0x00007ff3009424f2:   66 2e 0f 1f 84 00 00 00 00 00 0f 1f 40 00 41 8b
0x00007ff300942502:   01 85 c0 7f 19 f6 47 08 08 74 1b 48 8b 47 38 45
0x00007ff300942512:   0f be c0 48 8b 40 38 ff e0 0f 1f 44 00 00 c3 0f
0x00007ff300942522:   1f 80 00 00 00 00 41 c7 01 1e 00 00 00 c3 48 89
0x00007ff300942532:   f8 41 8b 38 85 ff 7f 3e 55 0f be d2 89 cd 48 89
0x00007ff300942542:   c7 53 4c 89 c3 48 89 d9 48 83 ec 08 4c 8b 46 38
0x00007ff300942552:   41 ff 50 10 8b 13 85 d2 7f 0e 48 85 c0 74 1f 40
0x00007ff300942562:   84 ed 74 04 83 60 08 f7 48 83 c4 08 5b 5d c3 0f
0x00007ff300942572:   1f 80 00 00 00 00 c3 0f 1f 80 00 00 00 00 c7 03
0x00007ff300942582:   07 00 00 00 eb e2 0f 1f 84 00 00 00 00 00 41 55
0x00007ff300942592:   41 54 49 89 fc 55 53 48 83 ec 08 8b 0a 85 c9 7f
0x00007ff3009425a2:   1c 89 f5 48 89 d3 48 85 ff 0f 84 7f 00 00 00 81
0x00007ff3009425b2:   3f 2c d8 5a 34 74 17 c7 02 01 00 00 00 48 83 c4
0x00007ff3009425c2:   08 4c 89 e0 5b 5d 41 5c 41 5d c3 0f 1f 00 8b 47
0x00007ff3009425d2:   04 a8 04 74 14 48 8b 57 38 48 8b 52 50 48 85 d2
0x00007ff3009425e2:   74 07 ff d2 41 8b 44 24 04 89 c2 83 e2 fb 41 89
0x00007ff3009425f2:   54 24 04 41 8b 54 24 18 39 d5 0f 8e 3e 01 00 00
0x00007ff300942602:   a8 02 0f 85 96 01 00 00 48 63 fd e8 0e 6b 00 00
0x00007ff300942612:   49 89 44 24 40 48 85 c0 0f 84 98 01 00 00 41 83
0x00007ff300942622:   4c 24 04 02 41 89 6c 24 18 eb 5b 0f 1f 00 85 f6
0x00007ff300942632:   0f 8e 18 01 00 00 44 8d ae 90 00 00 00 49 63 fd
0x00007ff300942642:   e8 d9 6a 00 00 48 89 c2 48 85 c0 0f 84 65 01 00 


Stack slot to memory mapping:
stack at sp + 0 slots: 0x00007ff2e5359fb0 points into unknown readable memory: 0x00007ff302339df0 | f0 9d 33 02 f3 7f 00 00
stack at sp + 1 slots: 0x00007ff2e4b3a2e0 points into unknown readable memory: 0x00007ff302339d10 | 10 9d 33 02 f3 7f 00 00
stack at sp + 2 slots: 0x00007ff2e4aaa790 points into unknown readable memory: 0x00000007ff2e4aaa | aa 4a 2e ff 07 00 00 00
stack at sp + 3 slots: 0x00007ff30095fafe: <offset 0x000000000015fafe> in /home/kevin/.skiko/d0c142f06f89fb7956b5808d57f2b2c00e587d73bef7fef6adbefc434363acc1/libskiko-linux-x64.so at 0x00007ff300800000
stack at sp + 4 slots: 0x00000000033fdb4c is an unknown value
stack at sp + 5 slots: 0x2cb7cca9f15ebe00 is an unknown value
stack at sp + 6 slots: 0x00007ff2e4b3a2e0 points into unknown readable memory: 0x00007ff302339d10 | 10 9d 33 02 f3 7f 00 00
stack at sp + 7 slots: 0x00007ff3033fdc40 is pointing into the stack for thread: 0x00007ff35842d850


Compiled method (n/a) 1495095 3344     n 0       org.jetbrains.skia.paragraph.ParagraphKt::_nLayout (native)
 total in heap  [0x00007ff348865b10,0x00007ff348865e80] = 880
 relocation     [0x00007ff348865c58,0x00007ff348865c90] = 56
 main code      [0x00007ff348865ca0,0x00007ff348865e75] = 469
 stub code      [0x00007ff348865e75,0x00007ff348865e78] = 3
 oops           [0x00007ff348865e78,0x00007ff348865e80] = 8

[Constant Pool (empty)]

[MachCode]
[Entry Point]
  # {method} {0x00007ff325176680} '_nLayout' '(JF)V' in 'org/jetbrains/skia/paragraph/ParagraphKt'
  # parm0:    rsi:rsi   = long
  # parm1:    xmm0      = float
  #           [sp+0x50]  (sp of caller)
  0x00007ff348865ca0: 448b 5608 | 49bb 0000 | 0000 0800 | 0000 4d03 | d349 3bc2 | 0f84 0600 

  0x00007ff348865cb8: ;   {runtime_call ic_miss_stub}
  0x00007ff348865cb8: 0000 e941 | 4693 ff90 
[Verified Entry Point]
  0x00007ff348865cc0: 8984 2400 | c0fe ff55 | 488b ec48 | 83ec 4090 | 4181 7f20 | 1b00 0000 

  0x00007ff348865cd8: ;   {runtime_call StubRoutines (2)}
  0x00007ff348865cd8: 7405 e861 | 8b91 ff48 

  0x00007ff348865ce0: ;   {oop(a 'java/lang/Class'{0x000000008e3791f8} = 'org/jetbrains/skia/paragraph/ParagraphKt')}
  0x00007ff348865ce0: 8bd6 49be | f891 378e | 0000 0000 | 4c89 7424 | 304c 8d74 | 2430 498b | f6c5 f877 

  0x00007ff348865cfc: ;   {internal_word}
  0x00007ff348865cfc: 49ba f95c | 8648 f37f | 0000 4d89 | 97c8 0200 | 0049 89a7 | c002 0000 

  0x00007ff348865d14: ;   {external_word}
  0x00007ff348865d14: 803d 8ae6 | 4118 000f | 8444 0000 | 0056 5248 | 83ec 10c5 | fb11 0424 

  0x00007ff348865d2c: ;   {metadata({method} {0x00007ff325176680} '_nLayout' '(JF)V' in 'org/jetbrains/skia/paragraph/ParagraphKt')}
  0x00007ff348865d2c: 48be 8066 | 1725 f37f | 0000 498b | ff40 f6c4 | 0f0f 8412 | 0000 0048 